<?xml version="1.0" encoding="UTF-8"?>
<testng-results skipped="0" failed="0" ignored="0" total="1" passed="1">
  <reporter-output>
  </reporter-output>
  <suite name="Default suite" duration-ms="69827" started-at="2018-02-05T14:30:50Z" finished-at="2018-02-05T14:31:59Z">
    <groups>
    </groups>
    <test name="Default test" duration-ms="69827" started-at="2018-02-05T14:30:50Z" finished-at="2018-02-05T14:31:59Z">
      <class name="Adventure_Android.Adventure_Android_Testing">
        <test-method status="PASS" signature="open()[pri:0, instance:Adventure_Android.Adventure_Android_Testing@56ef9176]" name="open" is-config="true" duration-ms="28372" started-at="2018-02-05T21:30:50Z" finished-at="2018-02-05T21:31:18Z">
          <reporter-output>
          </reporter-output>
        </test-method> <!-- open -->
        <test-method status="PASS" signature="run()[pri:0, instance:Adventure_Android.Adventure_Android_Testing@56ef9176]" name="run" duration-ms="41426" started-at="2018-02-05T21:31:18Z" finished-at="2018-02-05T21:31:59Z">
          <reporter-output>
          </reporter-output>
        </test-method> <!-- run -->
        <test-method status="PASS" signature="end()[pri:0, instance:Adventure_Android.Adventure_Android_Testing@56ef9176]" name="end" is-config="true" duration-ms="0" started-at="2018-02-05T21:31:59Z" finished-at="2018-02-05T21:31:59Z">
          <reporter-output>
          </reporter-output>
        </test-method> <!-- end -->
      </class> <!-- Adventure_Android.Adventure_Android_Testing -->
    </test> <!-- Default test -->
  </suite> <!-- Default suite -->
</testng-results>
